[0119/204229.698:WARNING:used_ids.h(55)] Duplicate id found. Reassigning from 104 to 127
[0119/204229.699:WARNING:used_ids.h(55)] Duplicate id found. Reassigning from 102 to 125
[0119/204229.699:WARNING:used_ids.h(55)] Duplicate id found. Reassigning from 104 to 124
[0119/204229.699:WARNING:used_ids.h(55)] Duplicate id found. Reassigning from 106 to 123
[0119/204229.699:WARNING:used_ids.h(55)] Duplicate id found. Reassigning from 103 to 122
[0119/204229.699:WARNING:used_ids.h(55)] Duplicate id found. Reassigning from 105 to 121
[0119/204229.699:WARNING:used_ids.h(55)] Duplicate id found. Reassigning from 109 to 120
[0119/204229.700:WARNING:used_ids.h(55)] Duplicate id found. Reassigning from 1 to 14
[0119/204229.700:WARNING:used_ids.h(55)] Duplicate id found. Reassigning from 3 to 13
[0119/204229.700:WARNING:used_ids.h(55)] Duplicate id found. Reassigning from 5 to 12
[0119/204229.700:WARNING:used_ids.h(55)] Duplicate id found. Reassigning from 6 to 11
[0119/204229.702:ERROR:audio_rtp_receiver.cc(89)] AudioRtpReceiver::OnSetVolume: No audio channel exists.
[0119/204242.122:ERROR:audio_rtp_receiver.cc(89)] AudioRtpReceiver::OnSetVolume: No audio channel exists.
[0119/204242.127:WARNING:used_ids.h(55)] Duplicate id found. Reassigning from 104 to 127
[0119/204242.128:WARNING:used_ids.h(55)] Duplicate id found. Reassigning from 102 to 125
[0119/204242.128:WARNING:used_ids.h(55)] Duplicate id found. Reassigning from 104 to 124
[0119/204242.128:WARNING:used_ids.h(55)] Duplicate id found. Reassigning from 106 to 123
[0119/204242.128:WARNING:used_ids.h(55)] Duplicate id found. Reassigning from 103 to 122
[0119/204242.128:WARNING:used_ids.h(55)] Duplicate id found. Reassigning from 105 to 121
[0119/204242.128:WARNING:used_ids.h(55)] Duplicate id found. Reassigning from 109 to 120
[0119/204242.128:WARNING:used_ids.h(55)] Duplicate id found. Reassigning from 1 to 14
[0119/204242.128:WARNING:used_ids.h(55)] Duplicate id found. Reassigning from 3 to 13
[0119/204242.128:WARNING:used_ids.h(55)] Duplicate id found. Reassigning from 5 to 12
[0119/204242.128:WARNING:used_ids.h(55)] Duplicate id found. Reassigning from 6 to 11
[0119/204308.996:WARNING:spdy_session.cc(3365)] Received HEADERS for invalid stream 3
[0119/204409.108:ERROR:batching_media_log.cc(38)] MediaEvent: {"error":"FFmpegDemuxer: no supported streams"}
[0119/204409.108:ERROR:batching_media_log.cc(35)] MediaEvent: {"pipeline_error":14}
[0119/204411.264:ERROR:batching_media_log.cc(38)] MediaEvent: {"error":"FFmpegDemuxer: no supported streams"}
[0119/204411.264:ERROR:batching_media_log.cc(35)] MediaEvent: {"pipeline_error":14}
[0119/210031.858:WARNING:spdy_session.cc(3365)] Received HEADERS for invalid stream 117
[0119/210031.858:WARNING:spdy_session.cc(3365)] Received HEADERS for invalid stream 119
[0119/210031.858:WARNING:spdy_session.cc(3365)] Received HEADERS for invalid stream 127
[0119/210031.858:WARNING:spdy_session.cc(3365)] Received HEADERS for invalid stream 131
[0119/210031.858:WARNING:spdy_session.cc(3365)] Received HEADERS for invalid stream 129
[0119/210031.858:WARNING:spdy_session.cc(3365)] Received HEADERS for invalid stream 123
[0119/210031.858:WARNING:spdy_session.cc(3365)] Received HEADERS for invalid stream 121
[0119/210031.858:WARNING:spdy_session.cc(3365)] Received HEADERS for invalid stream 125
[0119/210342.551:WARNING:dns_config_service_win.cc(700)] Failed to read DnsConfig.
[0119/210342.601:WARNING:dns_config_service_win.cc(700)] Failed to read DnsConfig.
[0119/210342.669:WARNING:dns_config_service_win.cc(700)] Failed to read DnsConfig.
[0119/210342.706:WARNING:dns_config_service_win.cc(700)] Failed to read DnsConfig.
[0119/211129.339:WARNING:spdy_session.cc(3365)] Received HEADERS for invalid stream 5
[0119/211132.581:WARNING:spdy_session.cc(3365)] Received HEADERS for invalid stream 7
[0119/211132.727:WARNING:spdy_session.cc(3365)] Received HEADERS for invalid stream 15
[0119/211133.067:WARNING:spdy_session.cc(3365)] Received HEADERS for invalid stream 3
[0119/211133.685:WARNING:spdy_session.cc(3365)] Received HEADERS for invalid stream 11
[0119/211134.088:WARNING:spdy_session.cc(3365)] Received HEADERS for invalid stream 9
[0119/211134.113:WARNING:spdy_session.cc(3365)] Received HEADERS for invalid stream 13
